<?xml version="1.0" encoding="UTF-8"?>
<!-- Generated by org.testng.reporters.JUnitReportReporter -->
<testsuite hostname="Anu" failures="0" tests="2" name="com.assignment.testcase.AmazonTestCase" time="92.188" errors="0" timestamp="16 Dec 2018 20:40:56 GMT" skipped="0">
  <testcase classname="com.assignment.testcase.AmazonTestCase" name="getAllImgHrefWithAd" time="44.469"/>
  <testcase classname="com.assignment.testcase.AmazonTestCase" name="getAllImgHref" time="47.719"/>
</testsuite> <!-- com.assignment.testcase.AmazonTestCase -->
