<?xml version="1.0" encoding="UTF-8"?>
<!-- Generated by org.testng.reporters.JUnitReportReporter -->
<testsuite hostname="Anu" failures="0" tests="1" name="com.assignment.testcase.SwiftCodePageTest" time="43.219" errors="0" timestamp="16 Dec 2018 20:40:56 GMT" skipped="0">
  <testcase classname="com.assignment.testcase.SwiftCodePageTest" name="getBankSwiftCodeInfo" time="43.219"/>
</testsuite> <!-- com.assignment.testcase.SwiftCodePageTest -->
